[04:18:35 - 20/07/2022] | [AUTH] Tai khoan "vdgiapp" da dang nhap vao tro choi.
[04:21:35 - 20/07/2022] | [AUTH] Tai khoan "vdgiapp" da dang nhap vao tro choi.
[04:21:58 - 20/07/2022] | [AUTH] Tai khoan "vdgiapp" da dang xuat khoi tro choi (thoat game).
[04:57:46 - 20/07/2022] | [AUTH] Tai khoan "vdgiapp" da dang nhap vao tro choi.
[05:06:36 - 20/07/2022] | [AUTH] Tai khoan "vdgiapp" da dang nhap vao tro choi.
[06:30:11 - 20/07/2022] | [AUTH] Tai khoan "vdgiapp" da dang nhap vao tro choi.
[06:32:01 - 20/07/2022] | [AUTH] Tai khoan "vdgiapp" da dang nhap vao tro choi.
[06:42:25 - 20/07/2022] | [AUTH] Tai khoan "vdgiapp" da dang nhap vao tro choi.
[06:47:35 - 20/07/2022] | [AUTH] Tai khoan "android" da dang nhap vao tro choi.
[06:49:13 - 20/07/2022] | [AUTH] Tai khoan "android" da dang xuat khoi tro choi (kick / ban).
[06:57:01 - 20/07/2022] | [AUTH] Tai khoan "vdgiapp" da dang nhap vao tro choi.
[03:22:55 - 21/07/2022] | [AUTH] Tai khoan "vdgiapp" da dang nhap vao tro choi.
[03:23:57 - 21/07/2022] | [AUTH] Tai khoan "vdgiapp" da dang xuat khoi tro choi (kick / ban).
[03:25:44 - 21/07/2022] | [AUTH] Tai khoan "vdgiapp" da dang nhap vao tro choi.
[03:28:30 - 21/07/2022] | [AUTH] Tai khoan "vdgiapp" da dang xuat khoi tro choi (mat ket noi).
[22:41:35 - 26/07/2022] | [AUTH] Tai khoan "vdgiapp" da dang nhap vao tro choi.
[22:51:04 - 26/07/2022] | [AUTH] Tai khoan "vdgiapp" da dang nhap vao tro choi.
[22:53:53 - 26/07/2022] | [AUTH] Tai khoan "vdgiapp" da dang xuat khoi tro choi (thoat game).
[22:54:28 - 26/07/2022] | [AUTH] Tai khoan "vdgiapp" da dang nhap vao tro choi.
[22:54:45 - 26/07/2022] | [AUTH] Tai khoan "vdgiapp" da dang xuat khoi tro choi (thoat game).
[22:04:20 - 27/07/2022] | [AUTH] Tai khoan "vdgiapp" da dang nhap vao tro choi.
[22:04:33 - 27/07/2022] | [AUTH] Tai khoan "vdgiapp" da dang xuat khoi tro choi (thoat game).
[22:27:57 - 27/07/2022] | 22:27:57 - 27/07/2022
[19:11:29 - 29/07/2022] | 19:11:29 - 29/07/2022
[19:11:47 - 29/07/2022] | 19:11:47 - 29/07/2022
[20:22:09 - 29/07/2022] | 20:22:09 - 29/07/2022
[21:51:45 - 29/07/2022] | 21:51:45 - 29/07/2022
[21:56:47 - 29/07/2022] | 21:56:47 - 29/07/2022
[21:56:58 - 29/07/2022] | 21:56:58 - 29/07/2022
[22:00:31 - 29/07/2022] | 22:00:31 - 29/07/2022
[22:03:01 - 29/07/2022] | 22:03:01 - 29/07/2022
[22:11:43 - 29/07/2022] | 22:11:43 - 29/07/2022
[22:17:30 - 29/07/2022] | 22:17:30 - 29/07/2022
[16:47:57 - 29/07/2022] | 16:47:57 - 29/07/2022
[17:06:47 - 29/07/2022] | 17:06:47 - 29/07/2022
[04:26:56 - 30/07/2022] | 04:26:56 - 30/07/2022
[05:10:08 - 30/07/2022] | 05:10:08 - 30/07/2022
[05:39:05 - 30/07/2022] | 05:39:05 - 30/07/2022
[05:45:44 - 30/07/2022] | 05:45:44 - 30/07/2022
[05:52:20 - 30/07/2022] | 05:52:20 - 30/07/2022
[05:52:59 - 30/07/2022] | 05:52:59 - 30/07/2022
[05:54:39 - 30/07/2022] | 05:54:39 - 30/07/2022
[05:56:57 - 30/07/2022] | 05:56:57 - 30/07/2022
